0 info it worked if it ends with ok
1 verbose cli [ '/usr/bin/node', '/usr/bin/npm', 'install' ]
2 info using npm@3.5.2
3 info using node@v8.10.0
4 silly loadCurrentTree Starting
5 silly install loadCurrentTree
6 silly install readLocalPackageData
7 silly install normalizeTree
8 silly loadCurrentTree Finishing
9 silly loadIdealTree Starting
10 silly install loadIdealTree
11 silly cloneCurrentTree Starting
12 silly install cloneCurrentTreeToIdealTree
13 silly cloneCurrentTree Finishing
14 silly loadShrinkwrap Starting
15 silly install loadShrinkwrap
16 silly loadShrinkwrap Finishing
17 silly loadAllDepsIntoIdealTree Starting
18 silly install loadAllDepsIntoIdealTree
19 silly fetchNamedPackageData child_process
20 silly mapToRegistry name child_process
21 silly mapToRegistry using default registry
22 silly mapToRegistry registry https://registry.npmjs.org/
23 silly mapToRegistry uri https://registry.npmjs.org/child_process
24 silly fetchNamedPackageData cookie-parser
25 silly mapToRegistry name cookie-parser
26 silly mapToRegistry using default registry
27 silly mapToRegistry registry https://registry.npmjs.org/
28 silly mapToRegistry uri https://registry.npmjs.org/cookie-parser
29 silly fetchNamedPackageData debug
30 silly mapToRegistry name debug
31 silly mapToRegistry using default registry
32 silly mapToRegistry registry https://registry.npmjs.org/
33 silly mapToRegistry uri https://registry.npmjs.org/debug
34 silly fetchNamedPackageData ejs
35 silly mapToRegistry name ejs
36 silly mapToRegistry using default registry
37 silly mapToRegistry registry https://registry.npmjs.org/
38 silly mapToRegistry uri https://registry.npmjs.org/ejs
39 silly fetchNamedPackageData express
40 silly mapToRegistry name express
41 silly mapToRegistry using default registry
42 silly mapToRegistry registry https://registry.npmjs.org/
43 silly mapToRegistry uri https://registry.npmjs.org/express
44 silly fetchNamedPackageData express-fileupload
45 silly mapToRegistry name express-fileupload
46 silly mapToRegistry using default registry
47 silly mapToRegistry registry https://registry.npmjs.org/
48 silly mapToRegistry uri https://registry.npmjs.org/express-fileupload
49 silly fetchNamedPackageData express-session
50 silly mapToRegistry name express-session
51 silly mapToRegistry using default registry
52 silly mapToRegistry registry https://registry.npmjs.org/
53 silly mapToRegistry uri https://registry.npmjs.org/express-session
54 silly fetchNamedPackageData html
55 silly mapToRegistry name html
56 silly mapToRegistry using default registry
57 silly mapToRegistry registry https://registry.npmjs.org/
58 silly mapToRegistry uri https://registry.npmjs.org/html
59 silly fetchNamedPackageData http-errors
60 silly mapToRegistry name http-errors
61 silly mapToRegistry using default registry
62 silly mapToRegistry registry https://registry.npmjs.org/
63 silly mapToRegistry uri https://registry.npmjs.org/http-errors
64 silly fetchNamedPackageData morgan
65 silly mapToRegistry name morgan
66 silly mapToRegistry using default registry
67 silly mapToRegistry registry https://registry.npmjs.org/
68 silly mapToRegistry uri https://registry.npmjs.org/morgan
69 silly fetchNamedPackageData mysql
70 silly mapToRegistry name mysql
71 silly mapToRegistry using default registry
72 silly mapToRegistry registry https://registry.npmjs.org/
73 silly mapToRegistry uri https://registry.npmjs.org/mysql
74 silly fetchNamedPackageData npm
75 silly mapToRegistry name npm
76 silly mapToRegistry using default registry
77 silly mapToRegistry registry https://registry.npmjs.org/
78 silly mapToRegistry uri https://registry.npmjs.org/npm
79 verbose request uri https://registry.npmjs.org/child_process
80 verbose request no auth needed
81 info attempt registry request try #1 at 9:32:42 PM
82 verbose request id 63d01a0eb09256b1
83 http request GET https://registry.npmjs.org/child_process
84 verbose request uri https://registry.npmjs.org/cookie-parser
85 verbose request no auth needed
86 info attempt registry request try #1 at 9:32:42 PM
87 http request GET https://registry.npmjs.org/cookie-parser
88 verbose request uri https://registry.npmjs.org/debug
89 verbose request no auth needed
90 info attempt registry request try #1 at 9:32:42 PM
91 http request GET https://registry.npmjs.org/debug
92 verbose request uri https://registry.npmjs.org/ejs
93 verbose request no auth needed
94 info attempt registry request try #1 at 9:32:42 PM
95 http request GET https://registry.npmjs.org/ejs
96 verbose request uri https://registry.npmjs.org/express
97 verbose request no auth needed
98 info attempt registry request try #1 at 9:32:42 PM
99 http request GET https://registry.npmjs.org/express
100 verbose request uri https://registry.npmjs.org/express-fileupload
101 verbose request no auth needed
102 info attempt registry request try #1 at 9:32:42 PM
103 http request GET https://registry.npmjs.org/express-fileupload
104 verbose request uri https://registry.npmjs.org/express-session
105 verbose request no auth needed
106 info attempt registry request try #1 at 9:32:42 PM
107 http request GET https://registry.npmjs.org/express-session
108 verbose request uri https://registry.npmjs.org/html
109 verbose request no auth needed
110 info attempt registry request try #1 at 9:32:42 PM
111 http request GET https://registry.npmjs.org/html
112 verbose request uri https://registry.npmjs.org/http-errors
113 verbose request no auth needed
114 info attempt registry request try #1 at 9:32:42 PM
115 http request GET https://registry.npmjs.org/http-errors
116 verbose request uri https://registry.npmjs.org/morgan
117 verbose request no auth needed
118 info attempt registry request try #1 at 9:32:42 PM
119 http request GET https://registry.npmjs.org/morgan
120 verbose request uri https://registry.npmjs.org/mysql
121 verbose request no auth needed
122 info attempt registry request try #1 at 9:32:42 PM
123 http request GET https://registry.npmjs.org/mysql
124 verbose request uri https://registry.npmjs.org/npm
125 verbose request no auth needed
126 info attempt registry request try #1 at 9:32:42 PM
127 http request GET https://registry.npmjs.org/npm
128 info retry will retry, error on last attempt: Error: socket hang up
129 info retry will retry, error on last attempt: Error: socket hang up
130 info retry will retry, error on last attempt: Error: socket hang up
131 info retry will retry, error on last attempt: Error: socket hang up
132 info retry will retry, error on last attempt: Error: socket hang up
133 info retry will retry, error on last attempt: Error: socket hang up
134 info retry will retry, error on last attempt: Error: socket hang up
135 info retry will retry, error on last attempt: Error: socket hang up
136 info retry will retry, error on last attempt: Error: socket hang up
137 info retry will retry, error on last attempt: Error: socket hang up
138 info retry will retry, error on last attempt: Error: socket hang up
139 info retry will retry, error on last attempt: Error: socket hang up
140 info attempt registry request try #2 at 9:32:53 PM
141 http request GET https://registry.npmjs.org/debug
142 info attempt registry request try #2 at 9:32:53 PM
143 http request GET https://registry.npmjs.org/ejs
144 info attempt registry request try #2 at 9:32:53 PM
145 http request GET https://registry.npmjs.org/cookie-parser
146 info attempt registry request try #2 at 9:32:53 PM
147 http request GET https://registry.npmjs.org/child_process
148 info attempt registry request try #2 at 9:32:53 PM
149 http request GET https://registry.npmjs.org/html
150 info attempt registry request try #2 at 9:32:53 PM
151 http request GET https://registry.npmjs.org/express-fileupload
152 info attempt registry request try #2 at 9:32:53 PM
153 http request GET https://registry.npmjs.org/express
154 info attempt registry request try #2 at 9:32:53 PM
155 http request GET https://registry.npmjs.org/express-session
156 info attempt registry request try #2 at 9:32:53 PM
157 http request GET https://registry.npmjs.org/mysql
158 info attempt registry request try #2 at 9:32:53 PM
159 http request GET https://registry.npmjs.org/http-errors
160 info attempt registry request try #2 at 9:32:53 PM
161 http request GET https://registry.npmjs.org/morgan
162 info attempt registry request try #2 at 9:32:53 PM
163 http request GET https://registry.npmjs.org/npm
164 info retry will retry, error on last attempt: Error: socket hang up
165 info retry will retry, error on last attempt: Error: socket hang up
166 info retry will retry, error on last attempt: Error: socket hang up
167 info retry will retry, error on last attempt: Error: socket hang up
168 info retry will retry, error on last attempt: Error: socket hang up
169 info retry will retry, error on last attempt: Error: socket hang up
170 info retry will retry, error on last attempt: Error: socket hang up
171 info retry will retry, error on last attempt: Error: socket hang up
172 info retry will retry, error on last attempt: Error: socket hang up
173 info retry will retry, error on last attempt: Error: socket hang up
174 info retry will retry, error on last attempt: Error: socket hang up
175 info retry will retry, error on last attempt: Error: socket hang up
176 info attempt registry request try #3 at 9:33:53 PM
177 http request GET https://registry.npmjs.org/ejs
178 info attempt registry request try #3 at 9:33:53 PM
179 http request GET https://registry.npmjs.org/cookie-parser
180 info attempt registry request try #3 at 9:33:53 PM
181 http request GET https://registry.npmjs.org/child_process
182 info attempt registry request try #3 at 9:33:53 PM
183 http request GET https://registry.npmjs.org/debug
184 info attempt registry request try #3 at 9:33:53 PM
185 http request GET https://registry.npmjs.org/express-fileupload
186 info attempt registry request try #3 at 9:33:53 PM
187 http request GET https://registry.npmjs.org/express-session
188 info attempt registry request try #3 at 9:33:53 PM
189 http request GET https://registry.npmjs.org/http-errors
190 info attempt registry request try #3 at 9:33:53 PM
191 http request GET https://registry.npmjs.org/npm
192 info attempt registry request try #3 at 9:33:53 PM
193 http request GET https://registry.npmjs.org/express
194 info attempt registry request try #3 at 9:33:53 PM
195 http request GET https://registry.npmjs.org/html
196 info attempt registry request try #3 at 9:33:53 PM
197 http request GET https://registry.npmjs.org/mysql
198 info attempt registry request try #3 at 9:33:53 PM
199 http request GET https://registry.npmjs.org/morgan
200 silly fetchPackageMetaData Error: socket hang up
200 silly fetchPackageMetaData     at TLSSocket.onHangUp (_tls_wrap.js:1137:19)
200 silly fetchPackageMetaData     at Object.onceWrapper (events.js:313:30)
200 silly fetchPackageMetaData     at emitNone (events.js:111:20)
200 silly fetchPackageMetaData     at TLSSocket.emit (events.js:208:7)
200 silly fetchPackageMetaData     at endReadableNT (_stream_readable.js:1064:12)
200 silly fetchPackageMetaData     at _combinedTickCallback (internal/process/next_tick.js:138:11)
200 silly fetchPackageMetaData     at process._tickCallback (internal/process/next_tick.js:180:9)
200 silly fetchPackageMetaData  error for ejs@^2.6.1 { Error: socket hang up
200 silly fetchPackageMetaData     at TLSSocket.onHangUp (_tls_wrap.js:1137:19)
200 silly fetchPackageMetaData     at Object.onceWrapper (events.js:313:30)
200 silly fetchPackageMetaData     at emitNone (events.js:111:20)
200 silly fetchPackageMetaData     at TLSSocket.emit (events.js:208:7)
200 silly fetchPackageMetaData     at endReadableNT (_stream_readable.js:1064:12)
200 silly fetchPackageMetaData     at _combinedTickCallback (internal/process/next_tick.js:138:11)
200 silly fetchPackageMetaData     at process._tickCallback (internal/process/next_tick.js:180:9)
200 silly fetchPackageMetaData   code: 'ECONNRESET',
200 silly fetchPackageMetaData   path: null,
200 silly fetchPackageMetaData   host: 'registry.npmjs.org',
200 silly fetchPackageMetaData   port: 443,
200 silly fetchPackageMetaData   localAddress: undefined }
201 silly fetchPackageMetaData Error: socket hang up
201 silly fetchPackageMetaData     at TLSSocket.onHangUp (_tls_wrap.js:1137:19)
201 silly fetchPackageMetaData     at Object.onceWrapper (events.js:313:30)
201 silly fetchPackageMetaData     at emitNone (events.js:111:20)
201 silly fetchPackageMetaData     at TLSSocket.emit (events.js:208:7)
201 silly fetchPackageMetaData     at endReadableNT (_stream_readable.js:1064:12)
201 silly fetchPackageMetaData     at _combinedTickCallback (internal/process/next_tick.js:138:11)
201 silly fetchPackageMetaData     at process._tickCallback (internal/process/next_tick.js:180:9)
201 silly fetchPackageMetaData  error for child_process@^1.0.2 { Error: socket hang up
201 silly fetchPackageMetaData     at TLSSocket.onHangUp (_tls_wrap.js:1137:19)
201 silly fetchPackageMetaData     at Object.onceWrapper (events.js:313:30)
201 silly fetchPackageMetaData     at emitNone (events.js:111:20)
201 silly fetchPackageMetaData     at TLSSocket.emit (events.js:208:7)
201 silly fetchPackageMetaData     at endReadableNT (_stream_readable.js:1064:12)
201 silly fetchPackageMetaData     at _combinedTickCallback (internal/process/next_tick.js:138:11)
201 silly fetchPackageMetaData     at process._tickCallback (internal/process/next_tick.js:180:9)
201 silly fetchPackageMetaData   code: 'ECONNRESET',
201 silly fetchPackageMetaData   path: null,
201 silly fetchPackageMetaData   host: 'registry.npmjs.org',
201 silly fetchPackageMetaData   port: 443,
201 silly fetchPackageMetaData   localAddress: undefined }
202 silly fetchPackageMetaData Error: socket hang up
202 silly fetchPackageMetaData     at TLSSocket.onHangUp (_tls_wrap.js:1137:19)
202 silly fetchPackageMetaData     at Object.onceWrapper (events.js:313:30)
202 silly fetchPackageMetaData     at emitNone (events.js:111:20)
202 silly fetchPackageMetaData     at TLSSocket.emit (events.js:208:7)
202 silly fetchPackageMetaData     at endReadableNT (_stream_readable.js:1064:12)
202 silly fetchPackageMetaData     at _combinedTickCallback (internal/process/next_tick.js:138:11)
202 silly fetchPackageMetaData     at process._tickCallback (internal/process/next_tick.js:180:9)
202 silly fetchPackageMetaData  error for cookie-parser@~1.4.4 { Error: socket hang up
202 silly fetchPackageMetaData     at TLSSocket.onHangUp (_tls_wrap.js:1137:19)
202 silly fetchPackageMetaData     at Object.onceWrapper (events.js:313:30)
202 silly fetchPackageMetaData     at emitNone (events.js:111:20)
202 silly fetchPackageMetaData     at TLSSocket.emit (events.js:208:7)
202 silly fetchPackageMetaData     at endReadableNT (_stream_readable.js:1064:12)
202 silly fetchPackageMetaData     at _combinedTickCallback (internal/process/next_tick.js:138:11)
202 silly fetchPackageMetaData     at process._tickCallback (internal/process/next_tick.js:180:9)
202 silly fetchPackageMetaData   code: 'ECONNRESET',
202 silly fetchPackageMetaData   path: null,
202 silly fetchPackageMetaData   host: 'registry.npmjs.org',
202 silly fetchPackageMetaData   port: 443,
202 silly fetchPackageMetaData   localAddress: undefined }
203 silly fetchPackageMetaData Error: socket hang up
203 silly fetchPackageMetaData     at TLSSocket.onHangUp (_tls_wrap.js:1137:19)
203 silly fetchPackageMetaData     at Object.onceWrapper (events.js:313:30)
203 silly fetchPackageMetaData     at emitNone (events.js:111:20)
203 silly fetchPackageMetaData     at TLSSocket.emit (events.js:208:7)
203 silly fetchPackageMetaData     at endReadableNT (_stream_readable.js:1064:12)
203 silly fetchPackageMetaData     at _combinedTickCallback (internal/process/next_tick.js:138:11)
203 silly fetchPackageMetaData     at process._tickCallback (internal/process/next_tick.js:180:9)
203 silly fetchPackageMetaData  error for express-fileupload@^1.1.5 { Error: socket hang up
203 silly fetchPackageMetaData     at TLSSocket.onHangUp (_tls_wrap.js:1137:19)
203 silly fetchPackageMetaData     at Object.onceWrapper (events.js:313:30)
203 silly fetchPackageMetaData     at emitNone (events.js:111:20)
203 silly fetchPackageMetaData     at TLSSocket.emit (events.js:208:7)
203 silly fetchPackageMetaData     at endReadableNT (_stream_readable.js:1064:12)
203 silly fetchPackageMetaData     at _combinedTickCallback (internal/process/next_tick.js:138:11)
203 silly fetchPackageMetaData     at process._tickCallback (internal/process/next_tick.js:180:9)
203 silly fetchPackageMetaData   code: 'ECONNRESET',
203 silly fetchPackageMetaData   path: null,
203 silly fetchPackageMetaData   host: 'registry.npmjs.org',
203 silly fetchPackageMetaData   port: 443,
203 silly fetchPackageMetaData   localAddress: undefined }
204 silly fetchPackageMetaData Error: socket hang up
204 silly fetchPackageMetaData     at TLSSocket.onHangUp (_tls_wrap.js:1137:19)
204 silly fetchPackageMetaData     at Object.onceWrapper (events.js:313:30)
204 silly fetchPackageMetaData     at emitNone (events.js:111:20)
204 silly fetchPackageMetaData     at TLSSocket.emit (events.js:208:7)
204 silly fetchPackageMetaData     at endReadableNT (_stream_readable.js:1064:12)
204 silly fetchPackageMetaData     at _combinedTickCallback (internal/process/next_tick.js:138:11)
204 silly fetchPackageMetaData     at process._tickCallback (internal/process/next_tick.js:180:9)
204 silly fetchPackageMetaData  error for debug@~2.6.9 { Error: socket hang up
204 silly fetchPackageMetaData     at TLSSocket.onHangUp (_tls_wrap.js:1137:19)
204 silly fetchPackageMetaData     at Object.onceWrapper (events.js:313:30)
204 silly fetchPackageMetaData     at emitNone (events.js:111:20)
204 silly fetchPackageMetaData     at TLSSocket.emit (events.js:208:7)
204 silly fetchPackageMetaData     at endReadableNT (_stream_readable.js:1064:12)
204 silly fetchPackageMetaData     at _combinedTickCallback (internal/process/next_tick.js:138:11)
204 silly fetchPackageMetaData     at process._tickCallback (internal/process/next_tick.js:180:9)
204 silly fetchPackageMetaData   code: 'ECONNRESET',
204 silly fetchPackageMetaData   path: null,
204 silly fetchPackageMetaData   host: 'registry.npmjs.org',
204 silly fetchPackageMetaData   port: 443,
204 silly fetchPackageMetaData   localAddress: undefined }
205 silly fetchPackageMetaData Error: socket hang up
205 silly fetchPackageMetaData     at TLSSocket.onHangUp (_tls_wrap.js:1137:19)
205 silly fetchPackageMetaData     at Object.onceWrapper (events.js:313:30)
205 silly fetchPackageMetaData     at emitNone (events.js:111:20)
205 silly fetchPackageMetaData     at TLSSocket.emit (events.js:208:7)
205 silly fetchPackageMetaData     at endReadableNT (_stream_readable.js:1064:12)
205 silly fetchPackageMetaData     at _combinedTickCallback (internal/process/next_tick.js:138:11)
205 silly fetchPackageMetaData     at process._tickCallback (internal/process/next_tick.js:180:9)
205 silly fetchPackageMetaData  error for http-errors@~1.6.3 { Error: socket hang up
205 silly fetchPackageMetaData     at TLSSocket.onHangUp (_tls_wrap.js:1137:19)
205 silly fetchPackageMetaData     at Object.onceWrapper (events.js:313:30)
205 silly fetchPackageMetaData     at emitNone (events.js:111:20)
205 silly fetchPackageMetaData     at TLSSocket.emit (events.js:208:7)
205 silly fetchPackageMetaData     at endReadableNT (_stream_readable.js:1064:12)
205 silly fetchPackageMetaData     at _combinedTickCallback (internal/process/next_tick.js:138:11)
205 silly fetchPackageMetaData     at process._tickCallback (internal/process/next_tick.js:180:9)
205 silly fetchPackageMetaData   code: 'ECONNRESET',
205 silly fetchPackageMetaData   path: null,
205 silly fetchPackageMetaData   host: 'registry.npmjs.org',
205 silly fetchPackageMetaData   port: 443,
205 silly fetchPackageMetaData   localAddress: undefined }
206 silly fetchPackageMetaData Error: socket hang up
206 silly fetchPackageMetaData     at TLSSocket.onHangUp (_tls_wrap.js:1137:19)
206 silly fetchPackageMetaData     at Object.onceWrapper (events.js:313:30)
206 silly fetchPackageMetaData     at emitNone (events.js:111:20)
206 silly fetchPackageMetaData     at TLSSocket.emit (events.js:208:7)
206 silly fetchPackageMetaData     at endReadableNT (_stream_readable.js:1064:12)
206 silly fetchPackageMetaData     at _combinedTickCallback (internal/process/next_tick.js:138:11)
206 silly fetchPackageMetaData     at process._tickCallback (internal/process/next_tick.js:180:9)
206 silly fetchPackageMetaData  error for express-session@^1.16.1 { Error: socket hang up
206 silly fetchPackageMetaData     at TLSSocket.onHangUp (_tls_wrap.js:1137:19)
206 silly fetchPackageMetaData     at Object.onceWrapper (events.js:313:30)
206 silly fetchPackageMetaData     at emitNone (events.js:111:20)
206 silly fetchPackageMetaData     at TLSSocket.emit (events.js:208:7)
206 silly fetchPackageMetaData     at endReadableNT (_stream_readable.js:1064:12)
206 silly fetchPackageMetaData     at _combinedTickCallback (internal/process/next_tick.js:138:11)
206 silly fetchPackageMetaData     at process._tickCallback (internal/process/next_tick.js:180:9)
206 silly fetchPackageMetaData   code: 'ECONNRESET',
206 silly fetchPackageMetaData   path: null,
206 silly fetchPackageMetaData   host: 'registry.npmjs.org',
206 silly fetchPackageMetaData   port: 443,
206 silly fetchPackageMetaData   localAddress: undefined }
207 silly fetchPackageMetaData Error: socket hang up
207 silly fetchPackageMetaData     at TLSSocket.onHangUp (_tls_wrap.js:1137:19)
207 silly fetchPackageMetaData     at Object.onceWrapper (events.js:313:30)
207 silly fetchPackageMetaData     at emitNone (events.js:111:20)
207 silly fetchPackageMetaData     at TLSSocket.emit (events.js:208:7)
207 silly fetchPackageMetaData     at endReadableNT (_stream_readable.js:1064:12)
207 silly fetchPackageMetaData     at _combinedTickCallback (internal/process/next_tick.js:138:11)
207 silly fetchPackageMetaData     at process._tickCallback (internal/process/next_tick.js:180:9)
207 silly fetchPackageMetaData  error for mysql@^2.17.1 { Error: socket hang up
207 silly fetchPackageMetaData     at TLSSocket.onHangUp (_tls_wrap.js:1137:19)
207 silly fetchPackageMetaData     at Object.onceWrapper (events.js:313:30)
207 silly fetchPackageMetaData     at emitNone (events.js:111:20)
207 silly fetchPackageMetaData     at TLSSocket.emit (events.js:208:7)
207 silly fetchPackageMetaData     at endReadableNT (_stream_readable.js:1064:12)
207 silly fetchPackageMetaData     at _combinedTickCallback (internal/process/next_tick.js:138:11)
207 silly fetchPackageMetaData     at process._tickCallback (internal/process/next_tick.js:180:9)
207 silly fetchPackageMetaData   code: 'ECONNRESET',
207 silly fetchPackageMetaData   path: null,
207 silly fetchPackageMetaData   host: 'registry.npmjs.org',
207 silly fetchPackageMetaData   port: 443,
207 silly fetchPackageMetaData   localAddress: undefined }
208 silly fetchPackageMetaData Error: socket hang up
208 silly fetchPackageMetaData     at TLSSocket.onHangUp (_tls_wrap.js:1137:19)
208 silly fetchPackageMetaData     at Object.onceWrapper (events.js:313:30)
208 silly fetchPackageMetaData     at emitNone (events.js:111:20)
208 silly fetchPackageMetaData     at TLSSocket.emit (events.js:208:7)
208 silly fetchPackageMetaData     at endReadableNT (_stream_readable.js:1064:12)
208 silly fetchPackageMetaData     at _combinedTickCallback (internal/process/next_tick.js:138:11)
208 silly fetchPackageMetaData     at process._tickCallback (internal/process/next_tick.js:180:9)
208 silly fetchPackageMetaData  error for html@^1.0.0 { Error: socket hang up
208 silly fetchPackageMetaData     at TLSSocket.onHangUp (_tls_wrap.js:1137:19)
208 silly fetchPackageMetaData     at Object.onceWrapper (events.js:313:30)
208 silly fetchPackageMetaData     at emitNone (events.js:111:20)
208 silly fetchPackageMetaData     at TLSSocket.emit (events.js:208:7)
208 silly fetchPackageMetaData     at endReadableNT (_stream_readable.js:1064:12)
208 silly fetchPackageMetaData     at _combinedTickCallback (internal/process/next_tick.js:138:11)
208 silly fetchPackageMetaData     at process._tickCallback (internal/process/next_tick.js:180:9)
208 silly fetchPackageMetaData   code: 'ECONNRESET',
208 silly fetchPackageMetaData   path: null,
208 silly fetchPackageMetaData   host: 'registry.npmjs.org',
208 silly fetchPackageMetaData   port: 443,
208 silly fetchPackageMetaData   localAddress: undefined }
209 silly fetchPackageMetaData Error: socket hang up
209 silly fetchPackageMetaData     at TLSSocket.onHangUp (_tls_wrap.js:1137:19)
209 silly fetchPackageMetaData     at Object.onceWrapper (events.js:313:30)
209 silly fetchPackageMetaData     at emitNone (events.js:111:20)
209 silly fetchPackageMetaData     at TLSSocket.emit (events.js:208:7)
209 silly fetchPackageMetaData     at endReadableNT (_stream_readable.js:1064:12)
209 silly fetchPackageMetaData     at _combinedTickCallback (internal/process/next_tick.js:138:11)
209 silly fetchPackageMetaData     at process._tickCallback (internal/process/next_tick.js:180:9)
209 silly fetchPackageMetaData  error for npm@^6.9.0 { Error: socket hang up
209 silly fetchPackageMetaData     at TLSSocket.onHangUp (_tls_wrap.js:1137:19)
209 silly fetchPackageMetaData     at Object.onceWrapper (events.js:313:30)
209 silly fetchPackageMetaData     at emitNone (events.js:111:20)
209 silly fetchPackageMetaData     at TLSSocket.emit (events.js:208:7)
209 silly fetchPackageMetaData     at endReadableNT (_stream_readable.js:1064:12)
209 silly fetchPackageMetaData     at _combinedTickCallback (internal/process/next_tick.js:138:11)
209 silly fetchPackageMetaData     at process._tickCallback (internal/process/next_tick.js:180:9)
209 silly fetchPackageMetaData   code: 'ECONNRESET',
209 silly fetchPackageMetaData   path: null,
209 silly fetchPackageMetaData   host: 'registry.npmjs.org',
209 silly fetchPackageMetaData   port: 443,
209 silly fetchPackageMetaData   localAddress: undefined }
210 silly fetchPackageMetaData Error: socket hang up
210 silly fetchPackageMetaData     at TLSSocket.onHangUp (_tls_wrap.js:1137:19)
210 silly fetchPackageMetaData     at Object.onceWrapper (events.js:313:30)
210 silly fetchPackageMetaData     at emitNone (events.js:111:20)
210 silly fetchPackageMetaData     at TLSSocket.emit (events.js:208:7)
210 silly fetchPackageMetaData     at endReadableNT (_stream_readable.js:1064:12)
210 silly fetchPackageMetaData     at _combinedTickCallback (internal/process/next_tick.js:138:11)
210 silly fetchPackageMetaData     at process._tickCallback (internal/process/next_tick.js:180:9)
210 silly fetchPackageMetaData  error for morgan@~1.9.1 { Error: socket hang up
210 silly fetchPackageMetaData     at TLSSocket.onHangUp (_tls_wrap.js:1137:19)
210 silly fetchPackageMetaData     at Object.onceWrapper (events.js:313:30)
210 silly fetchPackageMetaData     at emitNone (events.js:111:20)
210 silly fetchPackageMetaData     at TLSSocket.emit (events.js:208:7)
210 silly fetchPackageMetaData     at endReadableNT (_stream_readable.js:1064:12)
210 silly fetchPackageMetaData     at _combinedTickCallback (internal/process/next_tick.js:138:11)
210 silly fetchPackageMetaData     at process._tickCallback (internal/process/next_tick.js:180:9)
210 silly fetchPackageMetaData   code: 'ECONNRESET',
210 silly fetchPackageMetaData   path: null,
210 silly fetchPackageMetaData   host: 'registry.npmjs.org',
210 silly fetchPackageMetaData   port: 443,
210 silly fetchPackageMetaData   localAddress: undefined }
211 silly fetchPackageMetaData Error: socket hang up
211 silly fetchPackageMetaData     at TLSSocket.onHangUp (_tls_wrap.js:1137:19)
211 silly fetchPackageMetaData     at Object.onceWrapper (events.js:313:30)
211 silly fetchPackageMetaData     at emitNone (events.js:111:20)
211 silly fetchPackageMetaData     at TLSSocket.emit (events.js:208:7)
211 silly fetchPackageMetaData     at endReadableNT (_stream_readable.js:1064:12)
211 silly fetchPackageMetaData     at _combinedTickCallback (internal/process/next_tick.js:138:11)
211 silly fetchPackageMetaData     at process._tickCallback (internal/process/next_tick.js:180:9)
211 silly fetchPackageMetaData  error for express@~4.16.1 { Error: socket hang up
211 silly fetchPackageMetaData     at TLSSocket.onHangUp (_tls_wrap.js:1137:19)
211 silly fetchPackageMetaData     at Object.onceWrapper (events.js:313:30)
211 silly fetchPackageMetaData     at emitNone (events.js:111:20)
211 silly fetchPackageMetaData     at TLSSocket.emit (events.js:208:7)
211 silly fetchPackageMetaData     at endReadableNT (_stream_readable.js:1064:12)
211 silly fetchPackageMetaData     at _combinedTickCallback (internal/process/next_tick.js:138:11)
211 silly fetchPackageMetaData     at process._tickCallback (internal/process/next_tick.js:180:9)
211 silly fetchPackageMetaData   code: 'ECONNRESET',
211 silly fetchPackageMetaData   path: null,
211 silly fetchPackageMetaData   host: 'registry.npmjs.org',
211 silly fetchPackageMetaData   port: 443,
211 silly fetchPackageMetaData   localAddress: undefined }
212 silly rollbackFailedOptional Starting
213 silly rollbackFailedOptional Finishing
214 silly runTopLevelLifecycles Starting
215 silly runTopLevelLifecycles Finishing
216 silly install printInstalled
217 verbose stack Error: socket hang up
217 verbose stack     at TLSSocket.onHangUp (_tls_wrap.js:1137:19)
217 verbose stack     at Object.onceWrapper (events.js:313:30)
217 verbose stack     at emitNone (events.js:111:20)
217 verbose stack     at TLSSocket.emit (events.js:208:7)
217 verbose stack     at endReadableNT (_stream_readable.js:1064:12)
217 verbose stack     at _combinedTickCallback (internal/process/next_tick.js:138:11)
217 verbose stack     at process._tickCallback (internal/process/next_tick.js:180:9)
218 verbose cwd /mnt/c/Users/karnj/Desktop/OTOG_V2
219 error Linux 4.4.0-18362-Microsoft
220 error argv "/usr/bin/node" "/usr/bin/npm" "install"
221 error node v8.10.0
222 error npm  v3.5.2
223 error code ECONNRESET
224 error network socket hang up
225 error network This is most likely not a problem with npm itself
225 error network and is related to network connectivity.
225 error network In most cases you are behind a proxy or have bad network settings.
225 error network
225 error network If you are behind a proxy, please make sure that the
225 error network 'proxy' config is set properly.  See: 'npm help config'
226 verbose exit [ 1, true ]
